<?xml version="1.0" encoding="UTF-8"?>
<testng-results ignored="0" total="1" passed="1" failed="0" skipped="0">
  <reporter-output>
  </reporter-output>
  <suite started-at="2023-03-23T15:36:48 IST" name="Default suite" finished-at="2023-03-23T15:37:03 IST" duration-ms="14741">
    <groups>
    </groups>
    <test started-at="2023-03-23T15:36:48 IST" name="Default test" finished-at="2023-03-23T15:37:03 IST" duration-ms="14741">
      <class name="demopack.NewTest">
        <test-method signature="f()[pri:0, instance:demopack.NewTest@4803b726]" started-at="2023-03-23T15:36:48 IST" name="f" finished-at="2023-03-23T15:37:03 IST" duration-ms="14671" status="PASS">
          <reporter-output>
          </reporter-output>
        </test-method> <!-- f -->
      </class> <!-- demopack.NewTest -->
    </test> <!-- Default test -->
  </suite> <!-- Default suite -->
</testng-results>
